<?xml version="1.0" encoding="UTF-8"?>
<!-- Generated by org.testng.reporters.JUnitReportReporter -->
<testsuite skipped="0" hostname="sr39-PC" name="bugpack.BUG_2187CH" tests="1" failures="0" timestamp="2020-02-18T14:19:22 IST" time="66.072" errors="0">
  <testcase name="LongRunDemo" time="66.072" classname="bugpack.BUG_2187CH"/>
</testsuite> <!-- bugpack.BUG_2187CH -->
