<?xml version="1.0" encoding="UTF-8"?>
<!-- Generated by org.testng.reporters.JUnitReportReporter -->
<testsuite skipped="0" hostname="sr39-PC" name="bugpack.BUG_1686" tests="1" failures="0" timestamp="2020-02-19T11:30:19 IST" time="64.655" errors="0">
  <testcase name="LongRunDemo" time="64.655" classname="bugpack.BUG_1686"/>
</testsuite> <!-- bugpack.BUG_1686 -->
