<?xml version="1.0" encoding="UTF-8"?>
<!-- Generated by org.testng.reporters.JUnitReportReporter -->
<testsuite skipped="0" hostname="sr39-PC" name="bugpack.BUG_2128" tests="1" failures="0" timestamp="2020-02-13T14:38:50 IST" time="61.068" errors="0">
  <testcase name="LongRunDemo" time="61.068" classname="bugpack.BUG_2128"/>
</testsuite> <!-- bugpack.BUG_2128 -->
