<?xml version="1.0" encoding="UTF-8"?>
<!-- Generated by org.testng.reporters.JUnitReportReporter -->
<testsuite skipped="0" hostname="sr39-PC" name="bugpack.BUG_2126" tests="1" failures="0" timestamp="2020-02-19T11:59:51 IST" time="112.191" errors="0">
  <testcase name="job1" time="112.191" classname="bugpack.BUG_2126"/>
</testsuite> <!-- bugpack.BUG_2126 -->
