<?xml version="1.0" encoding="UTF-8"?>
<!-- Generated by org.testng.reporters.JUnitReportReporter -->
<testsuite skipped="0" hostname="sr39-PC" name="bugpack.BUG_2187Pen" tests="1" failures="0" timestamp="2020-02-13T10:05:40 IST" time="62.698" errors="0">
  <testcase name="LongRunDemo" time="62.698" classname="bugpack.BUG_2187Pen"/>
</testsuite> <!-- bugpack.BUG_2187Pen -->
