<?xml version="1.0" encoding="UTF-8"?>
<!-- Generated by org.testng.reporters.JUnitReportReporter -->
<testsuite skipped="0" hostname="sr39-PC" name="bugpack.BUG_2102" tests="1" failures="0" timestamp="2020-02-18T15:57:04 IST" time="152.854" errors="0">
  <testcase name="LongRunDemo" time="152.854" classname="bugpack.BUG_2102"/>
</testsuite> <!-- bugpack.BUG_2102 -->
