<?xml version="1.0" encoding="UTF-8"?>
<!-- Generated by org.testng.reporters.JUnitReportReporter -->
<testsuite skipped="0" hostname="sr39-PC" name="bugpack.Bug_2109" tests="1" failures="0" timestamp="2020-02-13T16:26:29 IST" time="206.069" errors="0">
  <testcase name="LongRunDemo" time="206.069" classname="bugpack.Bug_2109"/>
</testsuite> <!-- bugpack.Bug_2109 -->
