<?xml version="1.0" encoding="UTF-8"?>
<!-- Generated by org.testng.reporters.JUnitReportReporter -->
<testsuite skipped="0" hostname="sr39-PC" name="bugpack.BUG_2087CH" tests="1" failures="0" timestamp="2020-02-12T15:07:13 IST" time="65.056" errors="0">
  <testcase name="LongRunDemo" time="65.056" classname="bugpack.BUG_2087CH"/>
</testsuite> <!-- bugpack.BUG_2087CH -->
