<?xml version="1.0" encoding="UTF-8"?>
<!-- Generated by org.testng.reporters.JUnitReportReporter -->
<testsuite skipped="0" hostname="sr39-PC" name="bugpack.BUG_2044" tests="1" failures="0" timestamp="2020-02-19T15:41:49 IST" time="293.140" errors="0">
  <testcase name="LongRunDemo" time="293.140" classname="bugpack.BUG_2044"/>
</testsuite> <!-- bugpack.BUG_2044 -->
