<?xml version="1.0" encoding="UTF-8"?>
<!-- Generated by org.testng.reporters.JUnitReportReporter -->
<testsuite skipped="0" hostname="sr39-PC" name="bugpack.BUG_2089" tests="1" failures="0" timestamp="2020-02-18T15:22:43 IST" time="170.773" errors="0">
  <testcase name="LongRunDemo" time="170.773" classname="bugpack.BUG_2089"/>
</testsuite> <!-- bugpack.BUG_2089 -->
