<?xml version="1.0" encoding="UTF-8"?>
<!-- Generated by org.testng.reporters.JUnitReportReporter -->
<testsuite skipped="0" hostname="sr39-PC" name="jobs.experiment" tests="1" failures="0" timestamp="2020-02-11T18:18:53 IST" time="14.494" errors="0">
  <testcase name="test1" time="14.494" classname="jobs.experiment"/>
</testsuite> <!-- jobs.experiment -->
