<?xml version="1.0" encoding="UTF-8"?>
<!-- Generated by org.testng.reporters.JUnitReportReporter -->
<testsuite skipped="0" hostname="sr39-PC" name="bugpack.BUG_2188" tests="1" failures="0" timestamp="2020-02-12T17:47:10 IST" time="59.398" errors="0">
  <testcase name="LongRunDemo" time="59.398" classname="bugpack.BUG_2188"/>
</testsuite> <!-- bugpack.BUG_2188 -->
