<?xml version="1.0" encoding="UTF-8"?>
<!-- Generated by org.testng.reporters.JUnitReportReporter -->
<testsuite skipped="0" hostname="sr39-PC" name="bugpack.BUG_2160" tests="1" failures="0" timestamp="2020-02-12T17:56:06 IST" time="62.654" errors="0">
  <testcase name="LongRunDemo" time="62.654" classname="bugpack.BUG_2160"/>
</testsuite> <!-- bugpack.BUG_2160 -->
