<?xml version="1.0" encoding="UTF-8"?>
<!-- Generated by org.testng.reporters.JUnitReportReporter -->
<testsuite skipped="0" hostname="sr39-PC" name="bugpack.BUG_1847" tests="1" failures="0" timestamp="2020-02-18T17:41:50 IST" time="191.469" errors="0">
  <testcase name="LongRunDemo" time="191.469" classname="bugpack.BUG_1847"/>
</testsuite> <!-- bugpack.BUG_1847 -->
