<?xml version="1.0" encoding="UTF-8"?>
<!-- Generated by org.testng.reporters.JUnitReportReporter -->
<testsuite skipped="0" hostname="sr39-PC" name="bugpack.Bug_2109" tests="1" failures="0" timestamp="2020-02-13T17:01:02 IST" time="222.992" errors="0">
  <testcase name="LongRunDemo" time="222.992" classname="bugpack.Bug_2109"/>
</testsuite> <!-- bugpack.Bug_2109 -->
