<?xml version="1.0" encoding="UTF-8"?>
<!-- Generated by org.testng.reporters.JUnitReportReporter -->
<testsuite skipped="1" hostname="sr39-PC" name="jobs.Filein_udpout_versa" tests="1" failures="0" timestamp="2020-02-07T14:52:48 IST" time="0.000" errors="0">
  <testcase name="LongRunDemo" time="0.000" classname="jobs.Filein_udpout_versa">
    <skipped/>
  </testcase> <!-- LongRunDemo -->
</testsuite> <!-- jobs.Filein_udpout_versa -->
